2019-11-13T01:55:03.116546Z Started to read
2019-11-13T01:55:03.116571Z Readed: START tqEzVLvbq6wz_uWr6HS1 2 69
2019-11-13T01:55:03.116945Z Start write: REQUEST 98263 0 12
ROUTER 0 0010011011
ROUTER 1 0101011010
ROUTER 2 0101100011
ROUTER 3 1010100110
ROUTER 4 1010100110
ROUTER 5 0101110010
ROUTER 6 0101100101
ROUTER 7 0010100111
ROUTER 8 0111000110
ROUTER 9 0000101111
ROUTER 10 0111010100
ROUTER 11 0101000111
ROUTER 12 0110010110
ROUTER 13 0101101001
.
2019-11-13T01:55:03.116989Z Write ended
2019-11-13T01:55:03.117218Z Started to read
2019-11-13T01:55:03.117237Z Readed: 98263 0 12 CREATE 1 0
2019-11-13T01:55:03.117291Z Start write: REQUEST 98263 1 12
ROUTER 0 0010011011
ROUTER 1 0101011010
ROUTER 2 0101100011
ROUTER 3 0101001101
ROUTER 4 1010100110
ROUTER 5 0101110010
ROUTER 6 0101100101
ROUTER 7 0010100111
ROUTER 8 0111000110
ROUTER 9 0000101111
ROUTER 10 0111010100
ROUTER 11 0101000111
ROUTER 12 0110010110
ROUTER 13 0101101001
DATA 10 1 0 0 12 5 l
DATA 6 7 1 0 8 1 l
.
2019-11-13T01:55:03.117334Z Write ended
2019-11-13T01:55:03.117567Z Started to read
2019-11-13T01:55:03.117573Z Readed: 98263 1 12 CREATE 1 1
2019-11-13T01:55:03.117641Z Start write: REQUEST 98263 2 12
ROUTER 0 0010011011
ROUTER 1 0101011010
ROUTER 2 0101100011
ROUTER 3 0101001101
ROUTER 4 0101001101
ROUTER 5 0101110010
ROUTER 6 0101100101
ROUTER 7 0010100111
ROUTER 8 0111000110
ROUTER 9 0000101111
ROUTER 10 0111010100
ROUTER 11 0101000111
ROUTER 12 0110010110
ROUTER 13 0101101001
DATA 10 1 0 0 12 5 l
DATA 6 7 1 0 8 1 l
DATA 13 1 2 1 12 5 r
DATA 9 6 3 1 8 1 r
.
2019-11-13T01:55:03.117669Z Write ended
2019-11-13T01:55:03.117984Z Started to read
2019-11-13T01:55:03.118003Z Readed: 98263 2 12 CREATE 1 2
2019-11-13T01:55:03.118056Z Start write: REQUEST 98263 3 12
ROUTER 0 0010011011
ROUTER 1 0101011010
ROUTER 2 1011000110
ROUTER 3 0101001101
ROUTER 4 0101001101
ROUTER 5 0101110010
ROUTER 6 0101100101
ROUTER 7 0010100111
ROUTER 8 0111000110
ROUTER 9 0000101111
ROUTER 10 0111010100
ROUTER 11 0101000111
ROUTER 12 0110010110
ROUTER 13 0101101001
DATA 10 1 0 0 12 5 l
DATA 6 7 1 0 8 1 l
DATA 13 1 2 1 12 5 r
DATA 9 6 3 1 8 1 r
DATA 11 1 4 2 12 5 l
DATA 8 1 5 2 8 1 l
.
2019-11-13T01:55:03.118100Z Write ended
2019-11-13T01:55:03.118383Z Started to read
2019-11-13T01:55:03.118402Z Readed: 98263 3 12 CREATE 1 3
2019-11-13T01:55:03.118462Z Start write: REQUEST 98263 4 12
ROUTER 0 0010011011
ROUTER 1 0101011010
ROUTER 2 1011000110
ROUTER 3 0101001101
ROUTER 4 0101001101
ROUTER 5 0101110010
ROUTER 6 1010110010
ROUTER 7 0010100111
ROUTER 8 0111000110
ROUTER 9 0000101111
ROUTER 10 0111010100
ROUTER 11 0101000111
ROUTER 12 0110010110
ROUTER 13 0101101001
DATA 10 1 0 0 12 5 l
DATA 5 8 1 0 8 1 l
DATA 13 1 2 1 12 5 r
DATA 9 6 3 1 8 1 r
DATA 11 1 4 2 12 5 l
DATA 8 1 5 2 8 1 l
DATA 12 1 6 3 12 5 r
DATA 12 7 7 3 8 1 r
.
2019-11-13T01:55:03.118505Z Write ended
2019-11-13T01:55:03.118802Z Started to read
2019-11-13T01:55:03.118812Z Readed: 98263 4 12 MOVE 10 ^
2019-11-13T01:55:03.118871Z Start write: REQUEST 98263 5 12
ROUTER 0 1001001101
ROUTER 1 0101011010
ROUTER 2 1011000110
ROUTER 3 0101001101
ROUTER 4 0101001101
ROUTER 5 1011100100
ROUTER 6 1010110010
ROUTER 7 0010100111
ROUTER 8 0111000110
ROUTER 9 0000101111
ROUTER 10 1110101000
ROUTER 11 0101000111
ROUTER 12 0110010110
ROUTER 13 0101101001
DATA 10 0 0 0 12 5 l
DATA 3 6 1 0 8 1 l
DATA 13 1 2 1 12 5 r
DATA 10 6 3 1 8 1 r
DATA 10 1 4 2 12 5 l
DATA 8 1 5 2 8 1 l
DATA 12 1 6 3 12 5 r
DATA 12 7 7 3 8 1 r
.
2019-11-13T01:55:03.118884Z Write ended
2019-11-13T01:55:03.119185Z Started to read
2019-11-13T01:55:03.119195Z Readed: 98263 5 12 MOVE 10 ^
2019-11-13T01:55:03.119254Z Start write: REQUEST 98263 6 12
ROUTER 0 1001001101
ROUTER 1 0010101101
ROUTER 2 1011000110
ROUTER 3 0101001101
ROUTER 4 0101001101
ROUTER 5 1011100100
ROUTER 6 1010110010
ROUTER 7 0010100111
ROUTER 8 0011100011
ROUTER 9 0000101111
ROUTER 10 1101010001
ROUTER 11 0101000111
ROUTER 12 0110010110
ROUTER 13 0101101001
DATA 10 0 0 0 12 5 l
DATA 3 6 1 0 8 1 l
DATA 13 1 2 1 12 5 r
DATA 10 5 3 1 8 1 r
DATA 10 1 4 2 12 5 l
DATA 5 2 5 2 8 1 l
DATA 12 1 6 3 12 5 r
DATA 12 7 7 3 8 1 r
.
2019-11-13T01:55:03.119266Z Write ended
2019-11-13T01:55:03.119560Z Started to read
2019-11-13T01:55:03.119567Z Readed: 98263 6 12 MOVE 10 ^
2019-11-13T01:55:03.119619Z Start write: REQUEST 98263 7 12
ROUTER 0 1001001101
ROUTER 1 0010101101
ROUTER 2 1011000110
ROUTER 3 1010011010
ROUTER 4 0101001101
ROUTER 5 1011100100
ROUTER 6 1010110010
ROUTER 7 0010100111
ROUTER 8 0011100011
ROUTER 9 0000101111
ROUTER 10 1101010001
ROUTER 11 0101000111
ROUTER 12 0110010110
ROUTER 13 0101101001
DATA 10 0 0 0 12 5 l
DATA 3 5 1 0 8 1 l
DATA 13 1 2 1 12 5 r
DATA 10 5 3 1 8 1 r
DATA 10 1 4 2 12 5 l
DATA 5 2 5 2 8 1 l
DATA 12 1 6 3 12 5 r
DATA 12 7 7 3 8 1 r
.
2019-11-13T01:55:03.119630Z Write ended
2019-11-13T01:55:03.119905Z Started to read
2019-11-13T01:55:03.119911Z Readed: 98263 7 12 MOVE 10 ^
2019-11-13T01:55:03.119973Z Start write: REQUEST 98263 8 12
ROUTER 0 1001001101
ROUTER 1 0010101101
ROUTER 2 1011000110
ROUTER 3 1010011010
ROUTER 4 0101001101
ROUTER 5 1011100100
ROUTER 6 1010110010
ROUTER 7 0010100111
ROUTER 8 0011100011
ROUTER 9 0000101111
ROUTER 10 1010100011
ROUTER 11 0101000111
ROUTER 12 1100101100
ROUTER 13 1011010010
DATA 9 6 0 0 12 5 l
DATA 3 5 1 0 8 1 l
DATA 0 0 2 1 12 5 r
DATA 10 4 3 1 8 1 r
DATA 10 0 4 2 12 5 l
DATA 5 2 5 2 8 1 l
DATA 13 0 6 3 12 5 r
DATA 12 6 7 3 8 1 r
.
2019-11-13T01:55:03.119986Z Write ended
2019-11-13T01:55:03.120284Z Started to read
2019-11-13T01:55:03.120290Z Readed: 98263 8 12 MOVE 9 ^
2019-11-13T01:55:03.120347Z Start write: REQUEST 98263 9 12
ROUTER 0 1001001101
ROUTER 1 0010101101
ROUTER 2 1011000110
ROUTER 3 0100110101
ROUTER 4 0101001101
ROUTER 5 1011100100
ROUTER 6 1010110010
ROUTER 7 0010100111
ROUTER 8 0011100011
ROUTER 9 0001011110
ROUTER 10 1010100011
ROUTER 11 1010001110
ROUTER 12 1100101100
ROUTER 13 1011010010
DATA 9 5 0 0 12 5 l
DATA 3 4 1 0 8 1 l
DATA 0 0 2 1 12 5 r
DATA 10 4 3 1 8 1 r
DATA 10 0 4 2 12 5 l
DATA 5 2 5 2 8 1 l
DATA 13 0 6 3 12 5 r
DATA 12 6 7 3 8 1 r
.
2019-11-13T01:55:03.120360Z Write ended
2019-11-13T01:55:03.120634Z Started to read
2019-11-13T01:55:03.120640Z Readed: 98263 9 12 MOVE 9 ^
2019-11-13T01:55:03.120702Z Start write: REQUEST 98263 10 12
ROUTER 0 1001001101
ROUTER 1 0010101101
ROUTER 2 1011000110
ROUTER 3 0100110101
ROUTER 4 1010100110
ROUTER 5 0101110010
ROUTER 6 1010110010
ROUTER 7 0010100111
ROUTER 8 0011100011
ROUTER 9 0010111100
ROUTER 10 1010100011
ROUTER 11 1010001110
ROUTER 12 1100101100
ROUTER 13 1011010010
DATA 6 2 0 0 12 5 l
DATA 3 4 1 0 8 1 l
DATA 0 0 2 1 12 5 r
DATA 10 4 3 1 8 1 r
DATA 10 0 4 2 12 5 l
DATA 5 3 5 2 8 1 l
DATA 13 0 6 3 12 5 r
DATA 12 6 7 3 8 1 r
.
2019-11-13T01:55:03.120713Z Write ended
2019-11-13T01:55:03.121006Z Started to read
2019-11-13T01:55:03.121012Z Readed: 98263 10 12 MOVE 6 ^
2019-11-13T01:55:03.121066Z Start write: REQUEST 98263 11 12
ROUTER 0 1001001101
ROUTER 1 0010101101
ROUTER 2 1011000110
ROUTER 3 0100110101
ROUTER 4 1010100110
ROUTER 5 0101110010
ROUTER 6 0101100101
ROUTER 7 1001010011
ROUTER 8 0011100011
ROUTER 9 0010111100
ROUTER 10 1101010001
ROUTER 11 1010001110
ROUTER 12 1100101100
ROUTER 13 1011010010
DATA 5 1 0 0 12 12 r
DATA 3 4 1 0 8 1 l
DATA 0 0 2 1 12 5 r
DATA 10 5 3 1 8 1 r
DATA 10 0 4 2 12 5 l
DATA 5 3 5 2 8 1 l
DATA 13 0 6 3 12 5 r
DATA 12 6 7 3 8 1 r
.
2019-11-13T01:55:03.121078Z Write ended
2019-11-13T01:55:03.121378Z Started to read
2019-11-13T01:55:03.121388Z Readed: 98263 11 12 MOVE 5 ^
2019-11-13T01:55:03.121444Z Start write: REQUEST 98263 12 12
ROUTER 0 1001001101
ROUTER 1 0010101101
ROUTER 2 0101100011
ROUTER 3 0100110101
ROUTER 4 1010100110
ROUTER 5 1011100100
ROUTER 6 0101100101
ROUTER 7 1001010011
ROUTER 8 0011100011
ROUTER 9 0010111100
ROUTER 10 1101010001
ROUTER 11 1010001110
ROUTER 12 1001011001
ROUTER 13 1011010010
DATA 5 0 0 0 12 12 r
DATA 2 3 1 0 8 1 l
DATA 0 0 2 1 12 5 r
DATA 10 5 3 1 8 1 r
DATA 10 0 4 2 12 5 l
DATA 4 2 5 2 8 1 l
DATA 13 0 6 3 12 5 r
DATA 13 5 7 3 8 1 r
.
2019-11-13T01:55:03.121456Z Write ended
2019-11-13T01:55:03.121760Z Started to read
2019-11-13T01:55:03.121767Z Readed: 98263 12 12 MOVE 5 ^
2019-11-13T01:55:03.121801Z Start write: REQUEST 98263 13 12
ROUTER 0 0010011011
ROUTER 1 0010101101
ROUTER 2 1010110001
ROUTER 3 0100110101
ROUTER 4 1010100110
ROUTER 5 0111001001
ROUTER 6 0101100101
ROUTER 7 1001010011
ROUTER 8 0011100011
ROUTER 9 0010111100
ROUTER 10 1101010001
ROUTER 11 1010001110
ROUTER 12 1001011001
ROUTER 13 1011010010
DATA 8 8 0 0 12 12 r
DATA 1 4 1 0 8 8 r
DATA 0 8 2 1 12 5 r
DATA 10 5 3 1 8 1 r
DATA 10 0 4 2 12 5 l
DATA 4 2 5 2 8 1 l
DATA 13 0 6 3 12 5 r
DATA 0 5 7 3 8 1 r
.
2019-11-13T01:55:03.121817Z Write ended
2019-11-13T01:55:03.122127Z Started to read
2019-11-13T01:55:03.122137Z Readed: 98263 13 12 MOVE 8 ^
2019-11-13T01:55:03.122194Z Start write: REQUEST 98263 14 12
ROUTER 0 0010011011
ROUTER 1 0101011010
ROUTER 2 1010110001
ROUTER 3 0100110101
ROUTER 4 1010100110
ROUTER 5 0111001001
ROUTER 6 0101100101
ROUTER 7 1001010011
ROUTER 8 1110001100
ROUTER 9 0010111100
ROUTER 10 1101010001
ROUTER 11 1010001110
ROUTER 12 1001011001
ROUTER 13 1011010010
DATA 9 4 0 0 12 12 r
DATA 1 3 1 0 8 8 r
DATA 1 8 2 1 12 5 r
DATA 10 5 3 1 8 1 r
DATA 10 0 4 2 12 5 l
DATA 4 2 5 2 8 1 l
DATA 13 0 6 3 12 5 r
DATA 1 5 7 3 8 8 l
.
2019-11-13T01:55:03.122208Z Write ended
2019-11-13T01:55:03.122508Z Started to read
2019-11-13T01:55:03.122517Z Readed: 98263 14 12 MOVE 9 ^
2019-11-13T01:55:03.122573Z Start write: REQUEST 98263 15 12
ROUTER 0 0010011011
ROUTER 1 0101011010
ROUTER 2 1010110001
ROUTER 3 0100110101
ROUTER 4 0101001101
ROUTER 5 0111001001
ROUTER 6 0101100101
ROUTER 7 1001010011
ROUTER 8 1110001100
ROUTER 9 0101111000
ROUTER 10 1101010001
ROUTER 11 1010001110
ROUTER 12 1001011001
ROUTER 13 0110100101
DATA 10 3 0 0 12 12 r
DATA 1 3 1 0 8 8 r
DATA 1 8 2 1 12 5 r
DATA 10 5 3 1 8 1 r
DATA 10 0 4 2 12 5 l
DATA 3 1 5 2 8 1 l
DATA 0 8 6 3 12 5 r
DATA 0 5 7 3 8 8 l
.
2019-11-13T01:55:03.122585Z Write ended
2019-11-13T01:55:03.122908Z Started to read
2019-11-13T01:55:03.122917Z Readed: 98263 15 12 MOVE 10 ^
2019-11-13T01:55:03.122970Z Start write: REQUEST 98263 16 12
ROUTER 0 0010011011
ROUTER 1 0101011010
ROUTER 2 1010110001
ROUTER 3 1010011010
ROUTER 4 0101001101
ROUTER 5 0111001001
ROUTER 6 0101100101
ROUTER 7 1001010011
ROUTER 8 1110001100
ROUTER 9 0101111000
ROUTER 10 1101010001
ROUTER 11 1010001110
ROUTER 12 1001011001
ROUTER 13 0110100101
DATA 10 3 0 0 12 12 r
DATA 1 3 1 0 8 8 r
DATA 1 8 2 1 12 5 r
DATA 10 5 3 1 8 1 r
DATA 10 0 4 2 12 5 l
DATA 2 2 5 2 8 1 l
DATA 0 8 6 3 12 5 r
DATA 0 5 7 3 8 8 l
.
2019-11-13T01:55:03.122982Z Write ended
2019-11-13T01:55:03.123276Z Started to read
2019-11-13T01:55:03.123282Z Readed: 98263 16 12 MOVE 10 ^
2019-11-13T01:55:03.123337Z Start write: REQUEST 98263 17 12
ROUTER 0 0100110110
ROUTER 1 0101011010
ROUTER 2 1010110001
ROUTER 3 1010011010
ROUTER 4 0101001101
ROUTER 5 0111001001
ROUTER 6 0101100101
ROUTER 7 1001010011
ROUTER 8 1110001100
ROUTER 9 0101111000
ROUTER 10 1010100011
ROUTER 11 0101000111
ROUTER 12 1001011001
ROUTER 13 0110100101
DATA 10 2 0 0 12 12 r
DATA 1 3 1 0 8 8 r
DATA 1 8 2 1 12 5 r
DATA 10 4 3 1 8 1 r
DATA 10 0 4 2 12 5 l
DATA 2 2 5 2 8 1 l
DATA 0 7 6 3 12 5 r
DATA 13 4 7 3 8 8 l
.
2019-11-13T01:55:03.123348Z Write ended
2019-11-13T01:55:03.123642Z Started to read
2019-11-13T01:55:03.123648Z Readed: 98263 17 12 MOVE 10 ^
2019-11-13T01:55:03.123706Z Start write: REQUEST 98263 18 12
ROUTER 0 0100110110
ROUTER 1 0101011010
ROUTER 2 1101011000
ROUTER 3 1010011010
ROUTER 4 0101001101
ROUTER 5 0111001001
ROUTER 6 1010110010
ROUTER 7 1001010011
ROUTER 8 1110001100
ROUTER 9 0101111000
ROUTER 10 0101000111
ROUTER 11 0101000111
ROUTER 12 1001011001
ROUTER 13 0110100101
DATA 11 1 0 0 12 12 r
DATA 1 3 1 0 8 8 r
DATA 1 8 2 1 12 5 r
DATA 12 3 3 1 8 1 r
DATA 10 7 4 2 12 5 l
DATA 2 3 5 2 8 1 l
DATA 0 7 6 3 12 5 r
DATA 13 4 7 3 8 8 l
.
2019-11-13T01:55:03.123717Z Write ended
2019-11-13T01:55:03.124007Z Started to read
2019-11-13T01:55:03.124013Z Readed: 98263 18 12 MOVE 11 ^
2019-11-13T01:55:03.124047Z Start write: REQUEST 98263 19 12
ROUTER 0 0100110110
ROUTER 1 0101011010
ROUTER 2 1101011000
ROUTER 3 1010011010
ROUTER 4 0101001101
ROUTER 5 0111001001
ROUTER 6 1010110010
ROUTER 7 0010100111
ROUTER 8 1110001100
ROUTER 9 0101111000
ROUTER 10 0101000111
ROUTER 11 1010001110
ROUTER 12 1100101100
ROUTER 13 0110100101
DATA 1 3 1 0 8 8 r
DATA 1 8 2 1 12 5 r
DATA 12 4 3 1 8 1 r
DATA 10 7 4 2 12 5 l
DATA 2 3 5 2 8 1 l
DATA 0 7 6 3 12 5 r
DATA 13 4 7 3 8 8 l
MESSAGE 0 1QTX6BpXCH
.
2019-11-13T01:55:03.124059Z Write ended
