a[2][12]=1
84772 0 12 CREATE 2 0
 a[3][12]=1
84772 1 12 CREATE 3 1
 a[6][12]=1
84772 2 12 CREATE 6 2
 a[1][12]=1
84772 3 12 CREATE 1 3
 a[1][12]=1
84772 4 12 CREATE 1 4
 a[1][12]=1
84772 5 12 CREATE 1 5
84772 6 12 MOVE 3 ^
84772 7 12 MOVE 3 ^
84772 8 12 MOVE 3 ^
84772 9 12 MOVE 3 ^
84772 10 12 MOVE 3 ^
84772 11 12 MOVE 3 ^
84772 12 12 MOVE 3 ^
84772 13 12 MOVE 3 ^
84772 14 12 MOVE 3 ^
84772 15 12 MOVE 3 ^
84772 16 12 MOVE 3 ^
84772 17 12 MOVE 3 ^
84772 18 12 MOVE 2 ^
84772 19 12 MOVE 2 ^
84772 20 12 MOVE 2 ^
84772 21 12 MOVE 2 ^
84772 22 12 MOVE 1 ^
84772 23 12 MOVE 1 ^
84772 24 12 MOVE 2 ^
84772 25 12 MOVE 2 ^
84772 26 12 MOVE 2 ^
84772 27 12 MOVE 2 ^
84772 28 12 MOVE 2 ^
84772 29 12 MOVE 2 ^
84772 30 12 MOVE 2 ^
84772 31 12 MOVE 2 ^
84772 32 12 MOVE 2 ^
84772 33 12 MOVE 6 ^
84772 34 12 MOVE 6 ^
84772 35 12 MOVE 6 ^
84772 36 12 MOVE 6 ^
84772 37 12 MOVE 6 ^
84772 38 12 MOVE 6 ^
MESSAGE
 a[1][12]=1
84772 39 12 CREATE 1 6
84772 40 12 MOVE 6 ^
84772 41 12 MOVE 6 ^
84772 42 12 MOVE 10 ^
MESSAGE
 a[1][12]=1
84772 43 12 CREATE 1 7
84772 44 12 MOVE 1 ^
84772 45 12 MOVE 1 ^
84772 46 12 MOVE 1 ^
84772 47 12 MOVE 3 ^
84772 48 12 MOVE 4 ^
84772 49 12 MOVE 5 ^
84772 50 12 MOVE 5 ^
84772 51 12 MOVE 4 ^
84772 52 12 MOVE 2 ^
84772 53 12 MOVE 2 ^
84772 54 12 MOVE 1 ^
84772 55 12 MOVE 1 ^
MESSAGE
 a[0][12]=1
84772 56 12 CREATE 0 8
84772 57 12 MOVE 8 ^
84772 58 12 MOVE 8 ^
84772 59 12 MOVE 8 ^
84772 60 12 MOVE 8 ^
84772 61 12 MOVE 8 ^
84772 62 12 MOVE 8 ^
84772 63 12 MOVE 8 ^
84772 64 12 MOVE 9 ^
84772 65 12 MOVE 9 ^
84772 66 12 MOVE 9 ^
84772 67 12 MOVE 9 ^
84772 68 12 MOVE 9 ^
84772 69 12 MOVE 9 ^
84772 70 12 MOVE 9 ^
84772 71 12 MOVE 9 ^
MESSAGE
 a[0][12]=1
84772 72 12 CREATE 0 9
 a[0][12]=1
84772 73 12 CREATE 0 10
 a[0][12]=1
84772 74 12 CREATE 0 11
 a[0][12]=1
84772 75 12 CREATE 0 12
 a[0][12]=1
84772 76 12 CREATE 0 13
 a[0][12]=1
84772 77 12 CREATE 0 14
84772 78 12 MOVE 9 ^
84772 79 12 MOVE 9 ^
84772 80 12 MOVE 9 ^
84772 81 12 MOVE 10 ^
84772 82 12 MOVE 13 ^
84772 83 12 MOVE 1 ^
84772 84 12 MOVE 10 ^
84772 85 12 MOVE 9 ^
84772 86 12 MOVE 9 ^
84772 87 12 MOVE 9 ^
MESSAGE
 a[0][12]=1
84772 88 12 CREATE 0 15
 a[0][12]=1
84772 89 12 CREATE 0 16
 a[0][12]=1
84772 90 12 CREATE 0 17
 a[0][12]=1
84772 91 12 CREATE 0 18
 a[0][12]=1
84772 92 12 CREATE 0 19
 a[0][12]=1
84772 93 12 CREATE 0 20
 a[0][12]=1
84772 94 12 CREATE 0 21
 a[0][12]=1
84772 95 12 CREATE 0 22
 a[0][12]=1
84772 96 12 CREATE 0 23
84772 97 12 MOVE 2 ^
84772 98 12 MOVE 2 ^
84772 99 12 MOVE 2 ^
84772 100 12 MOVE 2 ^
84772 101 12 MOVE 1 ^
84772 102 12 MOVE 1 ^
84772 103 12 MOVE 1 ^
MESSAGE
 a[2][12]=1
84772 104 12 CREATE 2 24
 a[1][12]=1
84772 105 12 CREATE 1 25
 a[1][12]=1
84772 106 12 CREATE 1 26
 a[1][12]=1
84772 107 12 CREATE 1 27
 a[1][12]=1
84772 108 12 CREATE 1 28
84772 109 12 MOVE 6 ^
84772 110 12 MOVE 5 ^
84772 111 12 MOVE 6 ^
84772 112 12 MOVE 9 ^
84772 113 12 MOVE 10 ^
84772 114 12 MOVE 10 ^
84772 115 12 MOVE 11 ^
MESSAGE
 a[0][12]=1
84772 116 12 CREATE 0 29
 a[0][12]=1
84772 117 12 CREATE 0 30
 a[0][12]=1
84772 118 12 CREATE 0 31
 a[0][12]=1
84772 119 12 CREATE 0 32
 a[0][12]=1
84772 120 12 CREATE 0 33
 a[0][12]=1
84772 121 12 CREATE 0 34
 a[0][12]=1
84772 122 12 CREATE 0 35
 a[0][12]=1
84772 123 12 CREATE 0 36
 a[0][12]=1
84772 124 12 CREATE 0 37
 a[0][12]=1
84772 125 12 CREATE 0 38
 a[0][12]=1
84772 126 12 CREATE 0 39
MESSAGE
 a[0][12]=1
84772 127 12 CREATE 0 40
 a[0][12]=1
84772 128 12 CREATE 0 41
 a[0][12]=1
84772 129 12 CREATE 0 42
 a[0][12]=1
84772 130 12 CREATE 0 43
 a[0][12]=1
84772 131 12 CREATE 0 44
84772 132 12 MOVE 8 ^
84772 133 12 MOVE 9 ^
84772 134 12 MOVE 9 ^
84772 135 12 MOVE 4 ^
84772 136 12 MOVE 4 ^
84772 137 12 MOVE 4 ^
84772 138 12 MOVE 4 ^
84772 139 12 MOVE 4 ^
84772 140 12 MOVE 5 ^
84772 141 12 MOVE 5 ^
84772 142 12 MOVE 5 ^
84772 143 12 MOVE 4 ^
84772 144 12 MOVE 1 ^
84772 145 12 MOVE 0 ^
84772 146 12 MOVE 0 ^
84772 147 12 MOVE 0 ^
84772 148 12 MOVE 0 ^
84772 149 12 MOVE 13 ^
MESSAGE
 a[0][12]=1
84772 150 12 CREATE 0 45
 a[0][12]=1
84772 151 12 CREATE 0 46
 a[0][12]=1
84772 152 12 CREATE 0 47
 a[0][12]=1
84772 153 12 CREATE 0 48
 a[0][12]=1
84772 154 12 CREATE 0 49
 a[0][12]=1
84772 155 12 CREATE 0 50
 a[0][12]=1
84772 156 12 CREATE 0 51
 a[0][12]=1
84772 157 12 CREATE 0 52
 a[0][12]=1
84772 158 12 CREATE 0 53
84772 159 12 MOVE 11 ^
84772 160 12 MOVE 12 ^
84772 161 12 MOVE 13 ^
84772 162 12 MOVE 13 ^
84772 163 12 MOVE 13 ^
84772 164 12 MOVE 13 ^
84772 165 12 MOVE 13 ^
84772 166 12 MOVE 13 ^
84772 167 12 MOVE 13 ^
84772 168 12 MOVE 0 ^
MESSAGE
 a[1][12]=1
84772 169 12 CREATE 1 54
 a[1][12]=1
84772 170 12 CREATE 1 55
 a[1][12]=1
84772 171 12 CREATE 1 56
 a[1][12]=1
84772 172 12 CREATE 1 57
 a[1][12]=1
84772 173 12 CREATE 1 58
 a[1][12]=1
84772 174 12 CREATE 1 59
 a[1][12]=1
84772 175 12 CREATE 1 60
 a[1][12]=1
84772 176 12 CREATE 1 61
 a[0][12]=1
84772 177 12 CREATE 0 62
 a[0][12]=1
84772 178 12 CREATE 0 63
 a[0][12]=1
84772 179 12 CREATE 0 64
MESSAGE
 a[0][12]=1
84772 180 12 CREATE 0 65
 a[0][12]=1
84772 181 12 CREATE 0 66
 a[0][12]=1
84772 182 12 CREATE 0 67
 a[0][12]=1
84772 183 12 CREATE 0 68
 a[0][12]=1
84772 184 12 CREATE 0 69
84772 185 12 MOVE 3 ^
84772 186 12 MOVE 3 ^
84772 187 12 MOVE 3 ^
MESSAGE
 a[0][12]=1
84772 188 12 CREATE 0 70
84772 189 12 MOVE 11 ^
84772 190 12 MOVE 11 ^
84772 191 12 MOVE 0 ^
84772 192 12 MOVE 0 ^
84772 193 12 MOVE 0 ^
84772 194 12 MOVE 0 ^
84772 195 12 MOVE 0 ^
84772 196 12 MOVE 0 ^
84772 197 12 MOVE 0 ^
84772 198 12 MOVE 0 ^
84772 199 12 MOVE 0 ^
84772 200 12 MOVE 0 ^
84772 201 12 MOVE 0 ^
84772 202 12 MOVE 0 ^
84772 203 12 MOVE 0 ^
84772 204 12 MOVE 0 ^
84772 205 12 MOVE 0 ^
84772 206 12 MOVE 0 ^
84772 207 12 MOVE 0 ^
84772 208 12 MOVE 0 ^
84772 209 12 MOVE 0 ^
84772 210 12 MOVE 1 ^
84772 211 12 MOVE 1 ^
84772 212 12 MOVE 1 ^
84772 213 12 MOVE 1 ^
84772 214 12 MOVE 1 ^
84772 215 12 MOVE 1 ^
84772 216 12 MOVE 1 ^
84772 217 12 MOVE 1 ^
84772 218 12 MOVE 1 ^
84772 219 12 MOVE 1 ^
84772 220 12 MOVE 1 ^
MESSAGE
 a[1][12]=1
84772 221 12 CREATE 1 71
 a[0][12]=1
84772 222 12 CREATE 0 72
84772 223 12 MOVE 3 ^
84772 224 12 MOVE 3 ^
84772 225 12 MOVE 3 ^
84772 226 12 MOVE 3 ^
84772 227 12 MOVE 3 ^
84772 228 12 MOVE 2 ^
84772 229 12 MOVE 1 ^
84772 230 12 MOVE 13 ^
MESSAGE
 a[1][12]=1
84772 231 12 CREATE 1 73
84772 232 12 MOVE 0 ^
84772 233 12 MOVE 13 ^
84772 234 12 MOVE 13 ^
84772 235 12 MOVE 13 ^
84772 236 12 MOVE 13 ^
84772 237 12 MOVE 13 ^
MESSAGE
 a[2][12]=1
84772 238 12 CREATE 2 74
 a[2][12]=1
84772 239 12 CREATE 2 75
84772 240 12 MOVE 11 ^
84772 241 12 MOVE 11 ^
84772 242 12 MOVE 11 ^
84772 243 12 MOVE 11 ^
84772 244 12 MOVE 11 ^
84772 245 12 MOVE 11 ^
84772 246 12 MOVE 9 ^
84772 247 12 MOVE 9 ^
84772 248 12 MOVE 9 ^
MESSAGE
 a[1][12]=1
84772 249 12 CREATE 1 76
84772 250 12 MOVE 8 ^
84772 251 12 MOVE 8 ^
84772 252 12 MOVE 8 ^
84772 253 12 MOVE 11 ^
84772 254 12 MOVE 11 ^
84772 255 12 MOVE 11 ^
MESSAGE
 a[0][12]=1
84772 256 12 CREATE 0 77
 a[0][12]=1
84772 257 12 CREATE 0 78
 a[0][12]=1
84772 258 12 CREATE 0 79
 a[2][12]=1
84772 259 12 CREATE 2 80
84772 260 12 MOVE 2 ^
84772 261 12 MOVE 2 ^
MESSAGE
 a[2][12]=1
84772 262 12 CREATE 2 81
84772 263 12 MOVE 7 ^
84772 264 12 MOVE 7 ^
84772 265 12 MOVE 7 ^
84772 266 12 MOVE 7 ^
MESSAGE
 a[0][12]=1
84772 267 12 CREATE 0 82
 a[0][12]=1
84772 268 12 CREATE 0 83
 a[0][12]=1
84772 269 12 CREATE 0 84
 a[0][12]=1
84772 270 12 CREATE 0 85
 a[0][12]=1
84772 271 12 CREATE 0 86
 a[0][12]=1
84772 272 12 CREATE 0 87
 a[0][12]=1
84772 273 12 CREATE 0 88
 a[0][12]=1
84772 274 12 CREATE 0 89
 a[1][12]=1
84772 275 12 CREATE 1 90
 a[1][12]=1
84772 276 12 CREATE 1 91
 a[1][12]=1
84772 277 12 CREATE 1 92
 a[1][12]=1
84772 278 12 CREATE 1 93
 a[1][12]=1
84772 279 12 CREATE 1 94
84772 280 12 MOVE 4 ^
84772 281 12 MOVE 4 ^
84772 282 12 MOVE 4 ^
84772 283 12 MOVE 4 ^
84772 284 12 MOVE 4 ^
84772 285 12 MOVE 4 ^
84772 286 12 MOVE 4 ^
84772 287 12 MOVE 4 ^
84772 288 12 MOVE 4 ^
84772 289 12 MOVE 4 ^
84772 290 12 MOVE 4 ^
84772 291 12 MOVE 4 ^
84772 292 12 MOVE 4 ^
84772 293 12 MOVE 5 ^
84772 294 12 MOVE 5 ^
84772 295 12 MOVE 5 ^
84772 296 12 MOVE 5 ^
84772 297 12 MOVE 5 ^
84772 298 12 MOVE 5 ^
84772 299 12 MOVE 5 ^
84772 300 12 MOVE 5 ^
84772 301 12 MOVE 5 ^
84772 302 12 MOVE 5 ^
84772 303 12 MOVE 5 ^
84772 304 12 MOVE 5 ^
84772 305 12 MOVE 5 ^
84772 306 12 MOVE 5 ^
84772 307 12 MOVE 5 ^
84772 308 12 MOVE 5 ^
84772 309 12 MOVE 5 ^
84772 310 12 MOVE 5 ^
MESSAGE
 a[0][12]=1
84772 311 12 CREATE 0 95
MESSAGE
 a[0][12]=1
84772 312 12 CREATE 0 96
 a[2][12]=1
84772 313 12 CREATE 2 97
84772 314 12 MOVE 5 ^
84772 315 12 MOVE 5 ^
84772 316 12 MOVE 5 ^
84772 317 12 MOVE 5 ^
84772 318 12 MOVE 5 ^
84772 319 12 MOVE 5 ^
84772 320 12 MOVE 5 ^
84772 321 12 MOVE 5 ^
84772 322 12 MOVE 5 ^
84772 323 12 MOVE 5 ^
84772 324 12 MOVE 5 ^
84772 325 12 MOVE 5 ^
84772 326 12 MOVE 5 ^
84772 327 12 MOVE 5 ^
84772 328 12 MOVE 5 ^
84772 329 12 MOVE 5 ^
84772 330 12 MOVE 5 ^
84772 331 12 MOVE 5 ^
84772 332 12 MOVE 6 ^
84772 333 12 MOVE 6 ^
84772 334 12 MOVE 7 ^
MESSAGE
 a[1][12]=1
84772 335 12 CREATE 1 98
 a[1][12]=1
84772 336 12 CREATE 1 99
 a[1][12]=1
84772 337 12 CREATE 1 100
 a[0][12]=1
84772 338 12 CREATE 0 101
84772 339 12 MOVE 3 ^
84772 340 12 MOVE 3 ^
84772 341 12 MOVE 3 ^
84772 342 12 MOVE 3 ^
84772 343 12 MOVE 3 ^
84772 344 12 MOVE 3 ^
84772 345 12 MOVE 2 ^
84772 346 12 MOVE 2 ^
84772 347 12 MOVE 2 ^
84772 348 12 MOVE 2 ^
84772 349 12 MOVE 2 ^
84772 350 12 MOVE 1 ^
84772 351 12 MOVE 2 ^
84772 352 12 MOVE 2 ^
84772 353 12 MOVE 2 ^
84772 354 12 MOVE 2 ^
84772 355 12 MOVE 2 ^
MESSAGE
 a[2][12]=1
84772 356 12 CREATE 2 102
 a[1][12]=1
84772 357 12 CREATE 1 103
 a[1][12]=1
84772 358 12 CREATE 1 104
 a[0][12]=1
84772 359 12 CREATE 0 105
84772 360 12 MOVE 3 ^
84772 361 12 MOVE 3 ^
84772 362 12 MOVE 4 ^
84772 363 12 MOVE 5 ^
84772 364 12 MOVE 5 ^
84772 365 12 MOVE 5 ^
84772 366 12 MOVE 7 ^
84772 367 12 MOVE 10 ^
84772 368 12 MOVE 10 ^
84772 369 12 MOVE 6 ^
84772 370 12 MOVE 6 ^
84772 371 12 MOVE 5 ^
84772 372 12 MOVE 5 ^
84772 373 12 MOVE 5 ^
MESSAGE
 a[3][12]=1
84772 374 12 CREATE 3 106
MESSAGE
 a[3][12]=1
84772 375 12 CREATE 3 107
 a[3][12]=1
84772 376 12 CREATE 3 108
 a[0][12]=1
84772 377 12 CREATE 0 109
 a[0][12]=1
84772 378 12 CREATE 0 110
 a[0][12]=1
84772 379 12 CREATE 0 111
 a[0][12]=1
84772 380 12 CREATE 0 112
84772 381 12 MOVE 1 ^
84772 382 12 MOVE 1 ^
84772 383 12 MOVE 1 ^
84772 384 12 MOVE 1 ^
84772 385 12 MOVE 13 ^
MESSAGE
 a[3][12]=1
84772 386 12 CREATE 3 113
 a[3][12]=1
84772 387 12 CREATE 3 114
 a[3][12]=1
84772 388 12 CREATE 3 115
 a[3][12]=1
84772 389 12 CREATE 3 116
 a[5][12]=1
84772 390 12 CREATE 5 117
84772 391 12 MOVE 10 ^
84772 392 12 MOVE 11 ^
84772 393 12 MOVE 11 ^
84772 394 12 MOVE 11 ^
84772 395 12 MOVE 11 ^
84772 396 12 MOVE 11 ^
84772 397 12 MOVE 11 ^
84772 398 12 MOVE 11 ^
84772 399 12 MOVE 11 ^
84772 400 12 MOVE 11 ^
84772 401 12 MOVE 11 ^
84772 402 12 MOVE 11 ^
84772 403 12 MOVE 11 ^
84772 404 12 MOVE 13 ^
84772 405 12 MOVE 13 ^
84772 406 12 MOVE 13 ^
84772 407 12 MOVE 13 ^
84772 408 12 MOVE 0 ^
84772 409 12 MOVE 0 ^
84772 410 12 MOVE 0 ^
84772 411 12 MOVE 0 ^
84772 412 12 MOVE 0 ^
84772 413 12 MOVE 1 ^
84772 414 12 MOVE 12 ^
84772 415 12 MOVE 12 ^
84772 416 12 MOVE 12 ^
MESSAGE
 a[0][12]=1
84772 417 12 CREATE 0 118
84772 418 12 MOVE 12 ^
84772 419 12 MOVE 11 ^
84772 420 12 MOVE 11 ^
84772 421 12 MOVE 11 ^
84772 422 12 MOVE 11 ^
84772 423 12 MOVE 11 ^
84772 424 12 MOVE 3 ^
84772 425 12 MOVE 3 ^
84772 426 12 MOVE 1 ^
84772 427 12 MOVE 0 ^
84772 428 12 MOVE 13 ^
MESSAGE
 a[0][12]=1
84772 429 12 CREATE 0 119
 a[0][12]=1
84772 430 12 CREATE 0 120
 a[0][12]=1
84772 431 12 CREATE 0 121
 a[0][12]=1
84772 432 12 CREATE 0 122
 a[0][12]=1
84772 433 12 CREATE 0 123
 a[0][12]=1
84772 434 12 CREATE 0 124
 a[0][12]=1
84772 435 12 CREATE 0 125
 a[0][12]=1
84772 436 12 CREATE 0 126
 a[0][12]=1
84772 437 12 CREATE 0 127
 a[0][12]=1
84772 438 12 CREATE 0 128
 a[0][12]=1
84772 439 12 CREATE 0 129
 a[0][12]=1
84772 440 12 CREATE 0 130
 a[0][12]=1
84772 441 12 CREATE 0 131
 a[0][12]=1
84772 442 12 CREATE 0 132
MESSAGE
 a[0][12]=1
84772 443 12 CREATE 0 133
 a[0][12]=1
84772 444 12 CREATE 0 134
 a[0][12]=1
84772 445 12 CREATE 0 135
 a[0][12]=1
84772 446 12 CREATE 0 136
 a[0][12]=1
84772 447 12 CREATE 0 137
 a[0][12]=1
84772 448 12 CREATE 0 138
 a[0][12]=1
84772 449 12 CREATE 0 139
84772 450 12 MOVE 7 ^
84772 451 12 MOVE 7 ^
84772 452 12 MOVE 7 ^
84772 453 12 MOVE 7 ^
84772 454 12 MOVE 7 ^
84772 455 12 MOVE 7 ^
84772 456 12 MOVE 7 ^
84772 457 12 MOVE 7 ^
84772 458 12 MOVE 7 ^
84772 459 12 MOVE 7 ^
84772 460 12 MOVE 7 ^
84772 461 12 MOVE 7 ^
84772 462 12 MOVE 7 ^
84772 463 12 MOVE 7 ^
84772 464 12 MOVE 7 ^
84772 465 12 MOVE 7 ^
84772 466 12 MOVE 7 ^
84772 467 12 MOVE 7 ^
84772 468 12 MOVE 7 ^
84772 469 12 MOVE 7 ^
84772 470 12 MOVE 7 ^
84772 471 12 MOVE 7 ^
MESSAGE
 a[0][12]=1
84772 472 12 CREATE 0 140
 a[0][12]=1
84772 473 12 CREATE 0 141
84772 474 12 MOVE 7 ^
84772 475 12 MOVE 7 ^
84772 476 12 MOVE 7 ^
84772 477 12 MOVE 10 ^
84772 478 12 MOVE 10 ^
84772 479 12 MOVE 12 ^
84772 480 12 MOVE 12 ^
MESSAGE
 a[1][12]=1
84772 481 12 CREATE 1 142
 a[1][12]=1
84772 482 12 CREATE 1 143
 a[1][12]=1
84772 483 12 CREATE 1 144
 a[1][12]=1
84772 484 12 CREATE 1 145
 a[3][12]=1
84772 485 12 CREATE 3 146
 a[3][12]=1
84772 486 12 CREATE 3 147
 a[3][12]=1
84772 487 12 CREATE 3 148
 a[0][12]=1
84772 488 12 CREATE 0 149
84772 489 12 MOVE 13 ^
84772 490 12 MOVE 13 ^
84772 491 12 MOVE 13 ^
MESSAGE
 a[0][12]=1
84772 492 12 CREATE 0 150
84772 493 12 MOVE 6 ^
84772 494 12 MOVE 5 ^
84772 495 12 MOVE 7 ^
84772 496 12 MOVE 11 ^
MESSAGE
 a[0][12]=1
84772 497 12 CREATE 0 151
 a[0][12]=1
84772 498 12 CREATE 0 152
 a[0][12]=1
84772 499 12 CREATE 0 153
 a[0][12]=1
84772 500 12 CREATE 0 154
 a[0][12]=1
84772 501 12 CREATE 0 155
 a[0][12]=1
84772 502 12 CREATE 0 156
 a[1][12]=1
84772 503 12 CREATE 1 157
84772 504 12 MOVE 9 ^
84772 505 12 MOVE 9 ^
84772 506 12 MOVE 10 ^
84772 507 12 MOVE 10 ^
84772 508 12 MOVE 10 ^
84772 509 12 MOVE 10 ^
84772 510 12 MOVE 10 ^
84772 511 12 MOVE 10 ^
84772 512 12 MOVE 10 ^
84772 513 12 MOVE 10 ^
84772 514 12 MOVE 9 ^
84772 515 12 MOVE 9 ^
84772 516 12 MOVE 6 ^
84772 517 12 MOVE 5 ^
84772 518 12 MOVE 5 ^
MESSAGE
 a[0][12]=1
84772 519 12 CREATE 0 158
 a[0][12]=1
84772 520 12 CREATE 0 159
 a[0][12]=1
84772 521 12 CREATE 0 160
 a[0][12]=1
84772 522 12 CREATE 0 161
 a[1][12]=1
84772 523 12 CREATE 1 162
 a[0][12]=1
84772 524 12 CREATE 0 163
84772 525 12 MOVE 1 ^
84772 526 12 MOVE 1 ^
84772 527 12 MOVE 2 ^
84772 528 12 MOVE 2 ^
84772 529 12 MOVE 2 ^
84772 530 12 MOVE 2 ^
84772 531 12 MOVE 5 ^
84772 532 12 MOVE 5 ^
84772 533 12 MOVE 4 ^
84772 534 12 MOVE 3 ^
84772 535 12 MOVE 1 ^
84772 536 12 MOVE 1 ^
84772 537 12 MOVE 1 ^
84772 538 12 MOVE 0 ^
84772 539 12 MOVE 13 ^
MESSAGE
 a[1][12]=1
84772 540 12 CREATE 1 164
84772 541 12 MOVE 13 ^
84772 542 12 MOVE 13 ^
MESSAGE
 a[1][12]=1
84772 543 12 CREATE 1 165
84772 544 12 MOVE 6 ^
84772 545 12 MOVE 7 ^
84772 546 12 MOVE 7 ^
84772 547 12 MOVE 7 ^
84772 548 12 MOVE 7 ^
MESSAGE
 a[2][12]=1
84772 549 12 CREATE 2 166
 a[2][12]=1
84772 550 12 CREATE 2 167
 a[2][12]=1
84772 551 12 CREATE 2 168
 a[2][12]=1
84772 552 12 CREATE 2 169
 a[2][12]=1
84772 553 12 CREATE 2 170
 a[3][12]=1
84772 554 12 CREATE 3 171
 a[3][12]=1
84772 555 12 CREATE 3 172
 a[4][12]=1
84772 556 12 CREATE 4 173
 a[4][12]=1
84772 557 12 CREATE 4 174
 a[4][12]=1
84772 558 12 CREATE 4 175
 a[0][12]=1
84772 559 12 CREATE 0 176
 a[0][12]=1
84772 560 12 CREATE 0 177
 a[0][12]=1
84772 561 12 CREATE 0 178
 a[0][12]=1
84772 562 12 CREATE 0 179
 a[0][12]=1
84772 563 12 CREATE 0 180
 a[0][12]=1
84772 564 12 CREATE 0 181
 a[0][12]=1
84772 565 12 CREATE 0 182
 a[0][12]=1
84772 566 12 CREATE 0 183
 a[0][12]=1
84772 567 12 CREATE 0 184
 a[0][12]=1
84772 568 12 CREATE 0 185
 a[0][12]=1
84772 569 12 CREATE 0 186
 a[0][12]=1
84772 570 12 CREATE 0 187
 a[1][12]=1
84772 571 12 CREATE 1 188
 a[1][12]=1
84772 572 12 CREATE 1 189
 a[1][12]=1
84772 573 12 CREATE 1 190
 a[1][12]=1
84772 574 12 CREATE 1 191
 a[1][12]=1
84772 575 12 CREATE 1 192
 a[1][12]=1
84772 576 12 CREATE 1 193
 a[1][12]=1
84772 577 12 CREATE 1 194
 a[1][12]=1
84772 578 12 CREATE 1 195
 a[1][12]=1
84772 579 12 CREATE 1 196
 a[1][12]=1
84772 580 12 CREATE 1 197
84772 581 12 MOVE 9 ^
MESSAGE
 a[0][12]=1
84772 582 12 CREATE 0 198
84772 583 12 MOVE 2 ^
84772 584 12 MOVE 1 ^
84772 585 12 MOVE 0 ^
84772 586 12 MOVE 13 ^
84772 587 12 MOVE 13 ^
MESSAGE
 a[5][12]=1
84772 588 12 CREATE 5 199
84772 589 12 MOVE 11 ^
84772 590 12 MOVE 11 ^
84772 591 12 MOVE 11 ^
84772 592 12 MOVE 11 ^
84772 593 12 MOVE 11 ^
84772 594 12 MOVE 11 ^
84772 595 12 MOVE 11 ^
84772 596 12 MOVE 11 ^
84772 597 12 MOVE 11 ^
84772 598 12 MOVE 11 ^
84772 599 12 MOVE 11 ^
84772 600 12 MOVE 11 ^
84772 601 12 MOVE 11 ^
84772 602 12 MOVE 10 ^
84772 603 12 MOVE 10 ^
84772 604 12 MOVE 9 ^
84772 605 12 MOVE 9 ^
MESSAGE
 a[0][12]=1
84772 606 12 CREATE 0 200
 a[0][12]=1
84772 607 12 CREATE 0 201
 a[0][12]=1
84772 608 12 CREATE 0 202
 a[0][12]=1
84772 609 12 CREATE 0 203
 a[0][12]=1
84772 610 12 CREATE 0 204
 a[2][12]=1
84772 611 12 CREATE 2 205
84772 612 12 MOVE 9 ^
84772 613 12 MOVE 10 ^
84772 614 12 MOVE 10 ^
84772 615 12 MOVE 10 ^
84772 616 12 MOVE 11 ^
84772 617 12 MOVE 11 ^
84772 618 12 MOVE 11 ^
84772 619 12 MOVE 13 ^
84772 620 12 MOVE 13 ^
84772 621 12 MOVE 13 ^
84772 622 12 MOVE 13 ^
84772 623 12 MOVE 0 ^
84772 624 12 MOVE 0 ^
84772 625 12 MOVE 0 ^
84772 626 12 MOVE 0 ^
84772 627 12 MOVE 0 ^
84772 628 12 MOVE 0 ^
84772 629 12 MOVE 0 ^
MESSAGE
 a[2][12]=1
84772 630 12 CREATE 2 206
 a[2][12]=1
84772 631 12 CREATE 2 207
 a[2][12]=1
84772 632 12 CREATE 2 208
 a[2][12]=1
84772 633 12 CREATE 2 209
 a[0][12]=1
84772 634 12 CREATE 0 210
 a[0][12]=1
84772 635 12 CREATE 0 211
 a[0][12]=1
84772 636 12 CREATE 0 212
 a[0][12]=1
84772 637 12 CREATE 0 213
 a[3][12]=1
84772 638 12 CREATE 3 214
 a[3][12]=1
84772 639 12 CREATE 3 215
 a[3][12]=1
84772 640 12 CREATE 3 216
84772 641 12 MOVE 0 ^
84772 642 12 MOVE 0 ^
84772 643 12 MOVE 0 ^
84772 644 12 MOVE 0 ^
84772 645 12 MOVE 0 ^
84772 646 12 MOVE 0 ^
84772 647 12 MOVE 0 ^
84772 648 12 MOVE 0 ^
84772 649 12 MOVE 0 ^
84772 650 12 MOVE 0 ^
84772 651 12 MOVE 0 ^
MESSAGE
 a[0][12]=1
84772 652 12 CREATE 0 217
84772 653 12 MOVE 0 ^
84772 654 12 MOVE 0 ^
84772 655 12 MOVE 0 ^
84772 656 12 MOVE 0 ^
84772 657 12 MOVE 0 ^
84772 658 12 MOVE 0 ^
84772 659 12 MOVE 1 ^
84772 660 12 MOVE 1 ^
84772 661 12 MOVE 1 ^
84772 662 12 MOVE 0 ^
84772 663 12 MOVE 0 ^
84772 664 12 MOVE 13 ^
84772 665 12 MOVE 13 ^
84772 666 12 MOVE 13 ^
84772 667 12 MOVE 13 ^
84772 668 12 MOVE 13 ^
84772 669 12 MOVE 13 ^
84772 670 12 MOVE 13 ^
84772 671 12 MOVE 12 ^
84772 672 12 MOVE 12 ^
84772 673 12 MOVE 12 ^
84772 674 12 MOVE 12 ^
84772 675 12 MOVE 9 ^
84772 676 12 MOVE 9 ^
84772 677 12 MOVE 9 ^
84772 678 12 MOVE 9 ^
84772 679 12 MOVE 9 ^
84772 680 12 MOVE 4 ^
84772 681 12 MOVE 1 ^
84772 682 12 MOVE 1 ^
84772 683 12 MOVE 1 ^
84772 684 12 MOVE 1 ^
84772 685 12 MOVE 1 ^
84772 686 12 MOVE 1 ^
MESSAGE
 a[5][12]=1
84772 687 12 CREATE 5 218
MESSAGE
 a[6][12]=1
84772 688 12 CREATE 6 219
 a[6][12]=1
84772 689 12 CREATE 6 220
84772 690 12 MOVE 13 ^
84772 691 12 MOVE 13 ^
MESSAGE
 a[2][12]=1
84772 692 12 CREATE 2 221
84772 693 12 MOVE 4 ^
84772 694 12 MOVE 4 ^
84772 695 12 MOVE 4 ^
84772 696 12 MOVE 11 ^
 a[0][12]=1
84772 697 12 CREATE 0 222
 a[0][12]=1
84772 698 12 CREATE 0 223
 a[0][12]=1
84772 699 12 CREATE 0 224
MESSAGE
 a[0][12]=1
84772 700 12 CREATE 0 225
 a[0][12]=1
84772 701 12 CREATE 0 226
 a[0][12]=1
84772 702 12 CREATE 0 227
 a[0][12]=1
84772 703 12 CREATE 0 228
 a[0][12]=1
84772 704 12 CREATE 0 229
 a[0][12]=1
84772 705 12 CREATE 0 230
 a[2][12]=1
84772 706 12 CREATE 2 231
 a[2][12]=1
84772 707 12 CREATE 2 232
 a[2][12]=1
84772 708 12 CREATE 2 233
 a[0][12]=1
84772 709 12 CREATE 0 234
 a[0][12]=1
84772 710 12 CREATE 0 235
 a[0][12]=1
84772 711 12 CREATE 0 236
 a[0][12]=1
84772 712 12 CREATE 0 237
 a[5][12]=1
84772 713 12 CREATE 5 238
 a[2][12]=1
84772 714 12 CREATE 2 239
MESSAGE
 a[2][12]=1
84772 715 12 CREATE 2 240
84772 716 12 MOVE 4 ^
84772 717 12 MOVE 4 ^
84772 718 12 MOVE 4 ^
84772 719 12 MOVE 4 ^
84772 720 12 MOVE 4 ^
84772 721 12 MOVE 2 ^
84772 722 12 MOVE 2 ^
84772 723 12 MOVE 2 ^
84772 724 12 MOVE 2 ^
84772 725 12 MOVE 2 ^
84772 726 12 MOVE 2 ^
84772 727 12 MOVE 2 ^
84772 728 12 MOVE 2 ^
84772 729 12 MOVE 2 ^
84772 730 12 MOVE 1 ^
84772 731 12 MOVE 2 ^
84772 732 12 MOVE 2 ^
84772 733 12 MOVE 2 ^
84772 734 12 MOVE 2 ^
84772 735 12 MOVE 2 ^
84772 736 12 MOVE 2 ^
84772 737 12 MOVE 2 ^
84772 738 12 MOVE 2 ^
84772 739 12 MOVE 2 ^
84772 740 12 MOVE 2 ^
84772 741 12 MOVE 3 ^
84772 742 12 MOVE 5 ^
84772 743 12 MOVE 5 ^
84772 744 12 MOVE 6 ^
84772 745 12 MOVE 6 ^
84772 746 12 MOVE 6 ^
84772 747 12 MOVE 6 ^
84772 748 12 MOVE 11 ^
MESSAGE
 a[2][12]=1
84772 749 12 CREATE 2 241
MESSAGE
 a[2][12]=1
84772 750 12 CREATE 2 242
 a[2][12]=1
84772 751 12 CREATE 2 243
 a[2][12]=1
84772 752 12 CREATE 2 244
 a[2][12]=1
84772 753 12 CREATE 2 245
 a[0][12]=1
84772 754 12 CREATE 0 246
 a[0][12]=1
84772 755 12 CREATE 0 247
84772 756 12 MOVE 1 ^
84772 757 12 MOVE 1 ^
84772 758 12 MOVE 1 ^
84772 759 12 MOVE 9 ^
84772 760 12 MOVE 9 ^
84772 761 12 MOVE 9 ^
84772 762 12 MOVE 10 ^
84772 763 12 MOVE 10 ^
84772 764 12 MOVE 11 ^
84772 765 12 MOVE 11 ^
MESSAGE
 a[2][12]=1
84772 766 12 CREATE 2 248
 a[2][12]=1
84772 767 12 CREATE 2 249
 a[0][12]=1
84772 768 12 CREATE 0 250
84772 769 12 MOVE 9 ^
84772 770 12 MOVE 9 ^
84772 771 12 MOVE 1 ^
84772 772 12 MOVE 1 ^
84772 773 12 MOVE 3 ^
84772 774 12 MOVE 3 ^
84772 775 12 MOVE 3 ^
84772 776 12 MOVE 3 ^
84772 777 12 MOVE 4 ^
84772 778 12 MOVE 5 ^
84772 779 12 MOVE 5 ^
84772 780 12 MOVE 4 ^
84772 781 12 MOVE 3 ^
84772 782 12 MOVE 3 ^
84772 783 12 MOVE 3 ^
84772 784 12 MOVE 2 ^
84772 785 12 MOVE 0 ^
84772 786 12 MOVE 13 ^
84772 787 12 MOVE 13 ^
MESSAGE
 a[2][12]=1
84772 788 12 CREATE 2 251
 a[2][12]=1
84772 789 12 CREATE 2 252
 a[2][12]=1
84772 790 12 CREATE 2 253
 a[2][12]=1
84772 791 12 CREATE 2 254
84772 792 12 MOVE 8 ^
84772 793 12 MOVE 8 ^
84772 794 12 MOVE 8 ^
84772 795 12 MOVE 11 ^
84772 796 12 MOVE 11 ^
MESSAGE
 a[0][12]=1
84772 797 12 CREATE 0 255
 a[0][12]=1
84772 798 12 CREATE 0 256
 a[0][12]=1
84772 799 12 CREATE 0 257
 a[0][12]=1
84772 800 12 CREATE 0 258
 a[0][12]=1
84772 801 12 CREATE 0 259
 a[0][12]=1
84772 802 12 CREATE 0 260
 a[0][12]=1
84772 803 12 CREATE 0 261
 a[0][12]=1
84772 804 12 CREATE 0 262
 a[0][12]=1
84772 805 12 CREATE 0 263
 a[0][12]=1
84772 806 12 CREATE 0 264
 a[0][12]=1
84772 807 12 CREATE 0 265
 a[0][12]=1
84772 808 12 CREATE 0 266
 a[0][12]=1
84772 809 12 CREATE 0 267
 a[0][12]=1
84772 810 12 CREATE 0 268
MESSAGE
 a[0][12]=1
84772 811 12 CREATE 0 269
 a[1][12]=1
84772 812 12 CREATE 1 270
 a[1][12]=1
84772 813 12 CREATE 1 271
 a[1][12]=1
84772 814 12 CREATE 1 272
 a[1][12]=1
84772 815 12 CREATE 1 273
 a[1][12]=1
84772 816 12 CREATE 1 274
 a[5][12]=1
84772 817 12 CREATE 5 275
 a[5][12]=1
84772 818 12 CREATE 5 276
 a[5][12]=1
84772 819 12 CREATE 5 277
 a[5][12]=1
84772 820 12 CREATE 5 278
 a[1][12]=1
84772 821 12 CREATE 1 279
READER ERROR HAPPENED: unrecognized command line: SLOW 178 53
Megtortent
m8v3HvIOnf 3
1QTX6BpXCH 0
6fK9JNX4qt 5
7nVE9iu2y0 7
03etteZHRk 6
oBZauWl56w 4
GGfhR2X4ms 14
ZWqXwqis3n 8
kprrZovWMa 28
NUYzXB54mP 23
Ph1beeEmuG 41
2JXbWl5aon 44
db6F4qfmMq 53
JRAxHFB3hg 65
ML330UUdC7 70
vYGo0SoH7Z 72
Bk1Q8Ey3z6 69
9 73
 75
 80
 81
 76
 95
 94
 105
 101
 117
 109
 97
 118
 112
 137
 139
 141
 163
 150
 157
 149
 165
 198
 199
 197
 216
 205
 217
 164
 220
 219
 229
 240
 246
 247
 239
Betaprotokol 
1QTX6BpXCH 0
m8v3HvIOnf 3
oBZauWl56w 4
6fK9JNX4qt 5
03etteZHRk 6
7nVE9iu2y0 7
ZWqXwqis3n 8
GGfhR2X4ms 14
NUYzXB54mP 23
kprrZovWMa 28
Ph1beeEmuG 41
2JXbWl5aon 44
db6F4qfmMq 53
JRAxHFB3hg 65
Bk1Q8Ey3z6 69
ML330UUdC7 70
vYGo0SoH7Z 72
9 73
 75
 76
 80
 81
 94
 95
 97
 101
 105
 109
 112
 117
 118
 137
 139
 141
 149
 150
 157
 163
 164
 165
 197
 198
 199
 205
 216
 217
 219
 220
 229
 239
 240
 246
 247